Watching for file changes with StatReloader
"GET / HTTP/1.1" 200 18894
"GET /accounts/dashboard HTTP/1.1" 200 8207
"GET /about HTTP/1.1" 200 12578
"GET / HTTP/1.1" 200 18894
"GET /about HTTP/1.1" 200 12578
"GET /youtubers/ HTTP/1.1" 200 10913
"GET /contact HTTP/1.1" 200 8526
"GET / HTTP/1.1" 200 18894
"GET /services HTTP/1.1" 200 4879
"GET / HTTP/1.1" 200 18894
Watching for file changes with StatReloader
Watching for file changes with StatReloader
"GET / HTTP/1.1" 200 18894
"GET /static/css/base.css HTTP/1.1" 200 26
"GET /media/slider/2022/abstract-colour-9-copy-scaled_vMfFR6F.jpg HTTP/1.1" 200 822379
"GET /media/slider/2022/abstract-colour-9-copy-scaled_NtDiE8B.jpg HTTP/1.1" 200 822379
"GET /media/slider/2022/abstract-colour-9-copy-scaled.jpg HTTP/1.1" 200 822379
"GET /media/ytubers/2022/04/y6.jpg HTTP/1.1" 200 108342
"GET /media/ytubers/2022/04/t2.jpeg HTTP/1.1" 200 43316
"GET /media/ytubers/2022/04/y1.jpeg HTTP/1.1" 200 8708
"GET /media/team/2022/04/09/t1.jpg HTTP/1.1" 200 65334
"GET /media/team/2022/04/09/t3.png HTTP/1.1" 200 104093
"GET /media/team/2022/04/09/t2.jpeg HTTP/1.1" 200 43316
"GET /accounts/logout HTTP/1.1" 302 0
"GET / HTTP/1.1" 200 19228
"GET /accounts/login HTTP/1.1" 200 8285
"GET /static/facebook/js/fbconnect.js HTTP/1.1" 200 3360
"GET /accounts/register HTTP/1.1" 200 9252
"GET /social_accounts/facebook/login/ HTTP/1.1" 200 654
"POST /social_accounts/facebook/login/ HTTP/1.1" 302 0
"GET /social_accounts/facebook/login/callback/?code=AQBF4rOlYCfzk5n44ISxUDIpYxwJ51KUtO5WX22VuBBu2fSQOiXJo27BI0CzXrgOpXLiXXwm-t59CvzncfAXcXtttGc9poHS5iukV9VpZGrqrcp_MeDippcAlgaTe6-hfgzTwbNgTPbThB7NdsBEPvNMgIKKZ7CUq1eP3bAUqzbA6O33o9o9NUaAAUc86zrR84TI6GknHOUPwU3Rwu8YTE_JBxxtOwvZdp9GzDX5iIBYikyVMEQI85kSNMR_mxvJGq_EG2e2EL85ZVG0gCbv77jWgGNamxb_KwTmxhdtLsnkFMh7i_qXw4YYdFJ0ZUlnVXM3Gcvvk1USsP3b-Go23kcQdhaQbtCh4JYavbIq8zKXVl7NihQIDmzSCCqVgt2UZY0&state=cPoglTtEs0lh HTTP/1.1" 302 0
"GET /accounts/dashboard HTTP/1.1" 200 8551
"GET /static/css/base.css HTTP/1.1" 200 26
"GET /accounts/logout HTTP/1.1" 302 0
"GET / HTTP/1.1" 200 19228
"GET /media/slider/2022/abstract-colour-9-copy-scaled_vMfFR6F.jpg HTTP/1.1" 200 822379
"GET /media/slider/2022/abstract-colour-9-copy-scaled.jpg HTTP/1.1" 200 822379
"GET /media/ytubers/2022/04/y6.jpg HTTP/1.1" 200 108342
"GET /media/ytubers/2022/04/t2.jpeg HTTP/1.1" 200 43316
"GET /media/ytubers/2022/04/y1.jpeg HTTP/1.1" 200 8708
"GET /media/team/2022/04/09/t1.jpg HTTP/1.1" 200 65334
"GET /media/slider/2022/abstract-colour-9-copy-scaled_NtDiE8B.jpg HTTP/1.1" 200 822379
"GET /media/team/2022/04/09/t3.png HTTP/1.1" 200 104093
"GET /media/team/2022/04/09/t2.jpeg HTTP/1.1" 200 43316
"GET /accounts/login HTTP/1.1" 200 8285
"GET /static/facebook/js/fbconnect.js HTTP/1.1" 200 3360
"GET /social_accounts/facebook/login/ HTTP/1.1" 200 654
"POST /social_accounts/facebook/login/ HTTP/1.1" 302 0
"POST /social_accounts/facebook/login/ HTTP/1.1" 302 0
"GET /social_accounts/facebook/login/callback/?code=AQD8iAYYkxduopHDbMIL9iryCdQXAcAf-GwjXn0glS26Q784734dgUCXHx6DVeK3cqadsgjopuWhj4ie_Ba9a25cqhgbtiO3qIQhkwg1qAar76krcRUfbflGNrdrtN4h5CCwb4hjh-NT7De2i2oyCkOQnJyq4mcqxnFBntC_efZoJvfknLD986Eeted-3RGAEZUuqcSbq3W8z71LWJ0oaZ-nGnhyw7vGeWIJz6NY9TOKLJ7G6QgMItFyGv_qkLpfdSc3IaVRUGjTCiD9pSlGdxen_UjGr5AE8lzg0O58sOzYbxNLU_H_RFfxSJBTfvc0gLfOAhJlseKeoPVEoP53v51EJektKi8hpWbrouQzPvzC0PwIu8xqZyQdG17f8GQ416I&state=npC6UZiyK138 HTTP/1.1" 200 501
"GET /social_accounts/facebook/login/callback/?code=AQD8iAYYkxduopHDbMIL9iryCdQXAcAf-GwjXn0glS26Q784734dgUCXHx6DVeK3cqadsgjopuWhj4ie_Ba9a25cqhgbtiO3qIQhkwg1qAar76krcRUfbflGNrdrtN4h5CCwb4hjh-NT7De2i2oyCkOQnJyq4mcqxnFBntC_efZoJvfknLD986Eeted-3RGAEZUuqcSbq3W8z71LWJ0oaZ-nGnhyw7vGeWIJz6NY9TOKLJ7G6QgMItFyGv_qkLpfdSc3IaVRUGjTCiD9pSlGdxen_UjGr5AE8lzg0O58sOzYbxNLU_H_RFfxSJBTfvc0gLfOAhJlseKeoPVEoP53v51EJektKi8hpWbrouQzPvzC0PwIu8xqZyQdG17f8GQ416I&state=npC6UZiyK138 HTTP/1.1" 200 501
"GET /social_accounts/facebook/login/callback/?code=AQD8iAYYkxduopHDbMIL9iryCdQXAcAf-GwjXn0glS26Q784734dgUCXHx6DVeK3cqadsgjopuWhj4ie_Ba9a25cqhgbtiO3qIQhkwg1qAar76krcRUfbflGNrdrtN4h5CCwb4hjh-NT7De2i2oyCkOQnJyq4mcqxnFBntC_efZoJvfknLD986Eeted-3RGAEZUuqcSbq3W8z71LWJ0oaZ-nGnhyw7vGeWIJz6NY9TOKLJ7G6QgMItFyGv_qkLpfdSc3IaVRUGjTCiD9pSlGdxen_UjGr5AE8lzg0O58sOzYbxNLU_H_RFfxSJBTfvc0gLfOAhJlseKeoPVEoP53v51EJektKi8hpWbrouQzPvzC0PwIu8xqZyQdG17f8GQ416I&state=npC6UZiyK138 HTTP/1.1" 200 501
"GET /social_accounts/login/ HTTP/1.1" 200 2704
"GET /static/facebook/js/fbconnect.js HTTP/1.1" 200 3360
"GET /social_accounts/facebook/login/callback/?code=AQD8iAYYkxduopHDbMIL9iryCdQXAcAf-GwjXn0glS26Q784734dgUCXHx6DVeK3cqadsgjopuWhj4ie_Ba9a25cqhgbtiO3qIQhkwg1qAar76krcRUfbflGNrdrtN4h5CCwb4hjh-NT7De2i2oyCkOQnJyq4mcqxnFBntC_efZoJvfknLD986Eeted-3RGAEZUuqcSbq3W8z71LWJ0oaZ-nGnhyw7vGeWIJz6NY9TOKLJ7G6QgMItFyGv_qkLpfdSc3IaVRUGjTCiD9pSlGdxen_UjGr5AE8lzg0O58sOzYbxNLU_H_RFfxSJBTfvc0gLfOAhJlseKeoPVEoP53v51EJektKi8hpWbrouQzPvzC0PwIu8xqZyQdG17f8GQ416I&state=npC6UZiyK138 HTTP/1.1" 200 501
"GET /accounts/login HTTP/1.1" 200 8285
"GET /static/css/base.css HTTP/1.1" 200 26
"GET /static/facebook/js/fbconnect.js HTTP/1.1" 200 3360
"GET /social_accounts/facebook/login/ HTTP/1.1" 200 654
"POST /social_accounts/facebook/login/ HTTP/1.1" 302 0
"GET /social_accounts/facebook/login/callback/?code=AQAnmgrcFpGyo5IIm66brf-Uw1JiaPJTIvw9kjog0n5FPkSv9lKZ2af9xEWcueS5y68NN47A2KU_oPZCmXyzYrZxwt_EuBQ5mjkznsquVOD8wTQ-OHoWV31pF9v5chcIY90VRztb14jTUqBwurtLezI8y37XUKSJYkpnThim6GVAr_6Y42M2S1xsUKonimhVtBqiErHXhN3xCMG56cjqrnthACTOSbX9-2i8o-ATbM8CF3cjc7gRqsGDFj2hO-Vyy-tKSTdnbfCYzenXLDYDsNrsqdUZe_mQ40sguEGHhf1rEE6bac7kYj88UiTOpG6uWAfXsNUFT84Gmh9qpUetdv0b4Q_8Nlo2B-4kGRZttEi1huXTYewzqtixwWq3vpjHABY&state=Ju1YG9XhKDvf HTTP/1.1" 302 0
"GET /accounts/dashboard HTTP/1.1" 200 8551
"GET /static/css/base.css HTTP/1.1" 200 26
"GET /accounts/dashboard HTTP/1.1" 200 8097
"GET /accounts/logout HTTP/1.1" 302 0
"GET / HTTP/1.1" 200 19228
"GET /media/slider/2022/abstract-colour-9-copy-scaled_vMfFR6F.jpg HTTP/1.1" 200 822379
"GET /media/slider/2022/abstract-colour-9-copy-scaled_NtDiE8B.jpg HTTP/1.1" 200 822379
"GET /media/ytubers/2022/04/t2.jpeg HTTP/1.1" 200 43316
"GET /media/ytubers/2022/04/y6.jpg HTTP/1.1" 200 108342
"GET /media/slider/2022/abstract-colour-9-copy-scaled.jpg HTTP/1.1" 200 822379
"GET /media/ytubers/2022/04/y1.jpeg HTTP/1.1" 200 8708
"GET /media/team/2022/04/09/t1.jpg HTTP/1.1" 200 65334
"GET /media/team/2022/04/09/t2.jpeg HTTP/1.1" 200 43316
"GET /media/team/2022/04/09/t3.png HTTP/1.1" 200 104093
"GET /youtubers/3 HTTP/1.1" 200 12251
Watching for file changes with StatReloader
"GET / HTTP/1.1" 200 18786
"GET /static/css/base.css HTTP/1.1" 200 26
"GET /media/slider/2022/abstract-colour-9-copy-scaled_vMfFR6F.jpg HTTP/1.1" 200 822379
"GET /media/slider/2022/abstract-colour-9-copy-scaled_NtDiE8B.jpg HTTP/1.1" 200 822379
"GET /media/slider/2022/abstract-colour-9-copy-scaled.jpg HTTP/1.1" 200 822379
"GET /media/ytubers/2022/04/y6.jpg HTTP/1.1" 200 108342
"GET /media/ytubers/2022/04/t2.jpeg HTTP/1.1" 200 43316
"GET /media/ytubers/2022/04/y1.jpeg HTTP/1.1" 200 8708
"GET /media/team/2022/04/09/t1.jpg HTTP/1.1" 200 65334
"GET /media/team/2022/04/09/t3.png HTTP/1.1" 200 104093
"GET /media/team/2022/04/09/t2.jpeg HTTP/1.1" 200 43316
Not Found: /favicon.ico
"GET /favicon.ico HTTP/1.1" 404 3610
"GET /youtubers/search?keyword=hitesh HTTP/1.1" 200 8647
"GET /youtubers/3 HTTP/1.1" 200 12251
"GET /accounts/login HTTP/1.1" 200 8285
"GET /static/facebook/js/fbconnect.js HTTP/1.1" 200 3360
"GET /accounts/register HTTP/1.1" 200 9252
Watching for file changes with StatReloader
"GET / HTTP/1.1" 200 18786
"GET /static/css/base.css HTTP/1.1" 200 26
"GET /media/slider/2022/abstract-colour-9-copy-scaled_vMfFR6F.jpg HTTP/1.1" 200 822379
"GET /media/slider/2022/abstract-colour-9-copy-scaled_NtDiE8B.jpg HTTP/1.1" 200 822379
"GET /media/slider/2022/abstract-colour-9-copy-scaled.jpg HTTP/1.1" 200 822379
"GET /media/ytubers/2022/04/y6.jpg HTTP/1.1" 200 108342
"GET /media/ytubers/2022/04/t2.jpeg HTTP/1.1" 200 43316
"GET /media/ytubers/2022/04/y1.jpeg HTTP/1.1" 200 8708
"GET /media/team/2022/04/09/t1.jpg HTTP/1.1" 200 65334
"GET /media/team/2022/04/09/t3.png HTTP/1.1" 200 104093
"GET /media/team/2022/04/09/t2.jpeg HTTP/1.1" 200 43316
Not Found: /favicon.ico
"GET /favicon.ico HTTP/1.1" 404 3597
"GET /youtubers/3 HTTP/1.1" 200 12251
"GET /accounts/register HTTP/1.1" 200 9252
"GET /static/facebook/js/fbconnect.js HTTP/1.1" 200 3360
"GET /accounts/login HTTP/1.1" 200 8285
"GET /about HTTP/1.1" 200 12470
"GET /services HTTP/1.1" 200 4771
"GET /youtubers/ HTTP/1.1" 200 10805
"GET /contact HTTP/1.1" 200 8404
"GET /youtubers/ HTTP/1.1" 200 10805
"GET /youtubers/search?keyword=&city=Russia HTTP/1.1" 200 8643
"GET /youtubers/1 HTTP/1.1" 200 12210
"GET / HTTP/1.1" 200 18786
"GET /media/slider/2022/abstract-colour-9-copy-scaled_vMfFR6F.jpg HTTP/1.1" 200 822379
"GET /media/team/2022/04/09/t1.jpg HTTP/1.1" 200 65334
"GET /media/team/2022/04/09/t2.jpeg HTTP/1.1" 200 43316
"GET /media/team/2022/04/09/t3.png HTTP/1.1" 200 104093
"GET /media/slider/2022/abstract-colour-9-copy-scaled_NtDiE8B.jpg HTTP/1.1" 200 822379
"GET /media/slider/2022/abstract-colour-9-copy-scaled.jpg HTTP/1.1" 200 822379
"GET / HTTP/1.1" 200 18786
"GET /about HTTP/1.1" 200 12470
"GET / HTTP/1.1" 200 18786
"GET /youtubers/1 HTTP/1.1" 200 12210
"GET /accounts/login HTTP/1.1" 200 8285
"GET /static/facebook/js/fbconnect.js HTTP/1.1" 200 3360
"GET /accounts/register HTTP/1.1" 200 9252
"GET /about HTTP/1.1" 200 12470
"GET /services HTTP/1.1" 200 4771
"GET /youtubers/ HTTP/1.1" 200 10805
"GET /contact HTTP/1.1" 200 8404
"GET /about HTTP/1.1" 200 12470
"GET / HTTP/1.1" 200 18786
"GET /media/slider/2022/abstract-colour-9-copy-scaled_vMfFR6F.jpg HTTP/1.1" 200 822379
"GET /media/slider/2022/abstract-colour-9-copy-scaled_NtDiE8B.jpg HTTP/1.1" 200 822379
"GET /media/slider/2022/abstract-colour-9-copy-scaled.jpg HTTP/1.1" 200 822379
"GET /youtubers/3 HTTP/1.1" 200 12251
"GET /youtubers/3 HTTP/1.1" 200 12251
"GET /about HTTP/1.1" 200 12470
"GET /contact HTTP/1.1" 200 8404
Watching for file changes with StatReloader
"GET / HTTP/1.1" 200 18786
"GET /static/css/base.css HTTP/1.1" 200 26
"GET /media/ytubers/2022/04/y1.jpeg HTTP/1.1" 200 8708
"GET /media/ytubers/2022/04/t2.jpeg HTTP/1.1" 200 43316
"GET /media/ytubers/2022/04/y6.jpg HTTP/1.1" 200 108342
"GET /media/team/2022/04/09/t3.png HTTP/1.1" 200 104093
"GET /media/team/2022/04/09/t1.jpg HTTP/1.1" 200 65334
"GET /media/team/2022/04/09/t2.jpeg HTTP/1.1" 200 43316
"GET /media/slider/2022/abstract-colour-9-copy-scaled_vMfFR6F.jpg HTTP/1.1" 200 822379
"GET /media/slider/2022/abstract-colour-9-copy-scaled_NtDiE8B.jpg HTTP/1.1" 200 822379
"GET /media/slider/2022/abstract-colour-9-copy-scaled.jpg HTTP/1.1" 200 822379
Not Found: /favicon.ico
"GET /favicon.ico HTTP/1.1" 404 3596
"GET / HTTP/1.1" 200 18786
"GET / HTTP/1.1" 200 18786
"GET /about HTTP/1.1" 200 12470
"GET /accounts/login HTTP/1.1" 200 8280
"GET /static/facebook/js/fbconnect.js HTTP/1.1" 200 3360
"GET /services HTTP/1.1" 200 4771
"GET /youtubers/ HTTP/1.1" 200 10805
"GET /youtubers/search?keyword=&city=Jaipur HTTP/1.1" 200 8647
"GET /youtubers/search?keyword=&city=Jaipur HTTP/1.1" 200 8647
"GET / HTTP/1.1" 200 18786
"GET /about HTTP/1.1" 200 12470
"GET /about HTTP/1.1" 200 12470
"GET /services HTTP/1.1" 200 4771
"GET /youtubers/ HTTP/1.1" 200 10805
"GET /youtubers/4 HTTP/1.1" 200 11651
"GET /about HTTP/1.1" 200 12470
"GET /youtubers/ HTTP/1.1" 200 10805
"GET /youtubers/search?keyword=&camera_type=canon HTTP/1.1" 200 8643
"GET /youtubers/1 HTTP/1.1" 200 12210
Not Found: /favicon.ico
"GET /favicon.ico HTTP/1.1" 404 3596
Watching for file changes with StatReloader
"GET / HTTP/1.1" 200 18786
"GET /static/css/base.css HTTP/1.1" 200 26
"GET /media/slider/2022/abstract-colour-9-copy-scaled_vMfFR6F.jpg HTTP/1.1" 200 822379
"GET /media/slider/2022/abstract-colour-9-copy-scaled_NtDiE8B.jpg HTTP/1.1" 200 822379
"GET /media/slider/2022/abstract-colour-9-copy-scaled.jpg HTTP/1.1" 200 822379
"GET /media/ytubers/2022/04/y6.jpg HTTP/1.1" 200 108342
"GET /media/team/2022/04/09/t1.jpg HTTP/1.1" 200 65334
"GET /media/team/2022/04/09/t2.jpeg HTTP/1.1" 200 43316
"GET /media/team/2022/04/09/t3.png HTTP/1.1" 200 104093
"GET /media/ytubers/2022/04/t2.jpeg HTTP/1.1" 200 43316
"GET /media/ytubers/2022/04/y1.jpeg HTTP/1.1" 200 8708
Not Found: /favicon.ico
"GET /favicon.ico HTTP/1.1" 404 3597
"GET /about HTTP/1.1" 200 12470
"GET /static/css/base.css HTTP/1.1" 200 26
"GET /services HTTP/1.1" 200 4771
"GET /static/css/base.css HTTP/1.1" 200 26
"GET /youtubers/ HTTP/1.1" 200 10805
"GET /youtubers/search?keyword=&city=Jaipur HTTP/1.1" 200 8647
"GET /youtubers/3 HTTP/1.1" 200 12251
"GET /contact HTTP/1.1" 200 8404
"GET /youtubers/ HTTP/1.1" 200 10805
"GET /media/ytubers/2022/04/y1.jpeg HTTP/1.1" 200 8708
"GET /media/ytubers/2022/04/t2.jpeg HTTP/1.1" 200 43316
"GET /media/ytubers/2022/04/y6.jpg HTTP/1.1" 200 108342
"GET /contact HTTP/1.1" 200 8404
"GET /accounts/login HTTP/1.1" 200 8285
"GET /static/facebook/js/fbconnect.js HTTP/1.1" 200 3360
"GET /social_accounts/facebook/login/ HTTP/1.1" 200 654
"POST /social_accounts/facebook/login/ HTTP/1.1" 302 0
"GET /social_accounts/facebook/login/callback/?code=AQBXYnjsFhROnAIQ9ADm9T-qZ5BD09nJYs_2Q2tm9OB5zquBL6tv-YMAzWo4ZLsybVK9PaaM1jV55iHuTFJtI3YqGaoFUK9ufv-6_jJqMOsLj9O-gdu5nmD5NR9o9a6kZMQ-4Wa7zdeRoYUfkMiIDom5ibp3aYiwSFZAyHbm1Guy_4HdRUOyps21l9V4L57URE5L_Bfdr9lTwp_nkbQzO1iFp6I6x7GxAj1rkALMRy0AfGSI6gaZjs3iDeZ3Q1ZnVy18ox_oavZdjs3Vg3hGFZqRh_EG4yceF_-2X0ZsHdXVHdtQ1dRVmpiOfDl6MpLYgNVKcVmgdBcoD4wycpPixTtWTRUMEFF06zCKjyn4FKzjxyNeGN3VGi7P37EnbF1goIE&state=HBpKrPA6YxUY HTTP/1.1" 302 0
"GET /accounts/dashboard HTTP/1.1" 200 8551
"GET /static/css/base.css HTTP/1.1" 200 26
"GET /youtubers/4 HTTP/1.1" 200 11653
"GET /media/ytubers/2022/04/y6.jpg HTTP/1.1" 200 108342
"GET /accounts/dashboard HTTP/1.1" 200 8097
"GET /accounts/logout HTTP/1.1" 302 0
"GET / HTTP/1.1" 200 19228
"GET /media/slider/2022/abstract-colour-9-copy-scaled.jpg HTTP/1.1" 200 822379
"GET /media/slider/2022/abstract-colour-9-copy-scaled_NtDiE8B.jpg HTTP/1.1" 200 822379
"GET /media/ytubers/2022/04/y1.jpeg HTTP/1.1" 200 8708
"GET /media/team/2022/04/09/t1.jpg HTTP/1.1" 200 65334
"GET /media/team/2022/04/09/t2.jpeg HTTP/1.1" 200 43316
"GET /media/team/2022/04/09/t3.png HTTP/1.1" 200 104093
"GET /media/slider/2022/abstract-colour-9-copy-scaled_vMfFR6F.jpg HTTP/1.1" 200 822379
"GET /media/ytubers/2022/04/t2.jpeg HTTP/1.1" 200 43316
"GET /accounts/login HTTP/1.1" 200 8285
"GET /static/facebook/js/fbconnect.js HTTP/1.1" 200 3360
"GET /accounts/register HTTP/1.1" 200 9252
"GET / HTTP/1.1" 200 18786
"GET /static/css/base.css HTTP/1.1" 200 26
"GET /media/ytubers/2022/04/y6.jpg HTTP/1.1" 200 108342
"GET /media/ytubers/2022/04/y1.jpeg HTTP/1.1" 200 8708
"GET /media/slider/2022/abstract-colour-9-copy-scaled.jpg HTTP/1.1" 200 822379
"GET /media/ytubers/2022/04/t2.jpeg HTTP/1.1" 200 43316
"GET /media/team/2022/04/09/t1.jpg HTTP/1.1" 200 65334
"GET /media/slider/2022/abstract-colour-9-copy-scaled_NtDiE8B.jpg HTTP/1.1" 200 822379
"GET /media/slider/2022/abstract-colour-9-copy-scaled_vMfFR6F.jpg HTTP/1.1" 200 822379
"GET /media/team/2022/04/09/t3.png HTTP/1.1" 200 104093
"GET /media/team/2022/04/09/t2.jpeg HTTP/1.1" 200 43316
"GET /about HTTP/1.1" 200 12470
"GET /services HTTP/1.1" 200 4771
"GET /youtubers/ HTTP/1.1" 200 10805
"GET /contact HTTP/1.1" 200 8404
Watching for file changes with StatReloader
"GET / HTTP/1.1" 200 8063
"GET /static/css/base.css HTTP/1.1" 200 26
"GET /about HTTP/1.1" 200 7913
"GET /services HTTP/1.1" 200 4771
"GET /youtubers/ HTTP/1.1" 200 7969
"GET /contact HTTP/1.1" 200 8165
"GET / HTTP/1.1" 200 8063
"GET / HTTP/1.1" 200 8063
"GET /about HTTP/1.1" 200 7913
"GET /services HTTP/1.1" 200 4771
Not Found: /admin
"GET /admin HTTP/1.1" 404 3573
"GET /admin/ HTTP/1.1" 302 0
"GET /admin/login/?next=/admin/ HTTP/1.1" 200 3035
"GET /static/admin/css/base.css HTTP/1.1" 200 19513
"GET /static/admin/css/nav_sidebar.css HTTP/1.1" 200 2616
"GET /static/admin/css/login.css HTTP/1.1" 200 954
"GET /static/admin/css/responsive.css HTTP/1.1" 200 18575
"GET /static/admin/css/fonts.css HTTP/1.1" 200 423
"GET /static/djangocms_admin_style/css/djangocms-admin.css HTTP/1.1" 200 190420
"GET /static/djangocms_admin_style/js/dist/bundle.adminstyle.min.js HTTP/1.1" 200 104713
"GET /static/admin/js/nav_sidebar.js HTTP/1.1" 200 3401
"GET /static/djangocms_admin_style/fonts/django-admin-iconfont.woff2?v=3.2.0 HTTP/1.1" 200 8788
"POST /admin/login/?next=/admin/ HTTP/1.1" 200 3197
"GET /static/admin/css/login.css HTTP/1.1" 200 954
"GET /static/admin/css/nav_sidebar.css HTTP/1.1" 200 2616
"GET /static/admin/css/responsive.css HTTP/1.1" 200 18575
"GET /static/admin/css/base.css HTTP/1.1" 200 19513
"GET /static/djangocms_admin_style/css/djangocms-admin.css HTTP/1.1" 200 190420
"POST /admin/login/?next=/admin/ HTTP/1.1" 200 3197
"POST /admin/login/?next=/admin/ HTTP/1.1" 200 3199
"GET /static/admin/css/base.css HTTP/1.1" 200 19513
"POST /admin/login/?next=/admin/ HTTP/1.1" 200 3199
"POST /admin/login/?next=/admin/ HTTP/1.1" 200 3199
"GET /static/admin/css/base.css HTTP/1.1" 200 19513
Watching for file changes with StatReloader
"GET / HTTP/1.1" 200 8063
"GET /static/css/base.css HTTP/1.1" 200 26
"GET /admin/ HTTP/1.1" 302 0
"GET /admin/login/?next=/admin/ HTTP/1.1" 200 3035
"GET /static/admin/css/base.css HTTP/1.1" 200 19513
"GET /static/admin/css/login.css HTTP/1.1" 200 954
"GET /static/djangocms_admin_style/css/djangocms-admin.css HTTP/1.1" 200 190420
"GET /static/admin/css/nav_sidebar.css HTTP/1.1" 200 2616
"GET /static/admin/css/responsive.css HTTP/1.1" 200 18575
"GET /static/admin/css/fonts.css HTTP/1.1" 200 423
"GET /static/djangocms_admin_style/js/dist/bundle.adminstyle.min.js HTTP/1.1" 200 104713
"GET /static/admin/js/nav_sidebar.js HTTP/1.1" 200 3401
"GET /static/djangocms_admin_style/fonts/django-admin-iconfont.woff2?v=3.2.0 HTTP/1.1" 200 8788
"POST /admin/login/?next=/admin/ HTTP/1.1" 302 0
"GET /admin/ HTTP/1.1" 200 9846
"GET /static/admin/css/nav_sidebar.css HTTP/1.1" 200 2616
"GET /static/admin/css/base.css HTTP/1.1" 200 19513
"GET /static/admin/css/responsive.css HTTP/1.1" 200 18575
"GET /static/admin/css/dashboard.css HTTP/1.1" 200 380
"GET /static/djangocms_admin_style/css/djangocms-admin.css HTTP/1.1" 200 190420
"GET /static/djangocms_admin_style/img/icon_arrow_right.png HTTP/1.1" 200 15812
"GET /admin/webpages/slider/ HTTP/1.1" 200 9853
"GET /static/admin/css/changelists.css HTTP/1.1" 200 6932
"GET /static/admin/js/jquery.init.js HTTP/1.1" 200 347
"GET /static/admin/js/core.js HTTP/1.1" 200 5698
"GET /static/admin/js/admin/RelatedObjectLookups.js HTTP/1.1" 200 5984
"GET /static/admin/js/actions.js HTTP/1.1" 200 7872
"GET /static/admin/js/prepopulate.js HTTP/1.1" 200 1531
"GET /static/admin/js/urlify.js HTTP/1.1" 200 7902
"GET /admin/jsi18n/ HTTP/1.1" 200 3343
"GET /static/admin/js/vendor/jquery/jquery.js HTTP/1.1" 200 288580
"GET /static/admin/js/vendor/xregexp/xregexp.js HTTP/1.1" 200 232381
"GET /admin/webpages/slider/add/ HTTP/1.1" 200 12521
"GET /static/admin/js/prepopulate_init.js HTTP/1.1" 200 492
"GET /static/admin/css/forms.css HTTP/1.1" 200 8878
"GET /admin/jsi18n/ HTTP/1.1" 200 3343
"GET /static/admin/js/change_form.js HTTP/1.1" 200 606
"GET /static/admin/css/widgets.css HTTP/1.1" 200 11097
"POST /admin/webpages/slider/add/ HTTP/1.1" 302 0
"GET /admin/webpages/slider/ HTTP/1.1" 200 11253
"GET /static/admin/css/changelists.css HTTP/1.1" 200 6932
"GET /static/admin/css/base.css HTTP/1.1" 200 19513
"GET /admin/jsi18n/ HTTP/1.1" 200 3343
"GET /static/djangocms_admin_style/img/icon_arrow_down.png HTTP/1.1" 200 15112
"GET / HTTP/1.1" 200 8755
"GET /static/css/base.css HTTP/1.1" 200 26
"GET /media/slider/2022/abstract-colour-9-copy-scaled_vMfFR6F_T0zOfsK.jpg HTTP/1.1" 200 822379
"GET /about HTTP/1.1" 200 8023
"GET /static/css/base.css HTTP/1.1" 200 26
"GET / HTTP/1.1" 200 8755
"GET /media/slider/2022/abstract-colour-9-copy-scaled_vMfFR6F_T0zOfsK.jpg HTTP/1.1" 304 0
"GET /admin/webpages/slider/add/ HTTP/1.1" 200 12521
"GET /static/admin/css/base.css HTTP/1.1" 200 19513
"GET /static/admin/js/prepopulate_init.js HTTP/1.1" 200 492
"GET /static/admin/css/forms.css HTTP/1.1" 200 8878
"GET /admin/jsi18n/ HTTP/1.1" 200 3343
"GET /static/admin/js/change_form.js HTTP/1.1" 200 606
"GET /static/admin/css/widgets.css HTTP/1.1" 200 11097
"POST /admin/webpages/slider/add/ HTTP/1.1" 302 0
"GET /admin/webpages/slider/ HTTP/1.1" 200 11506
"GET /static/admin/css/changelists.css HTTP/1.1" 200 6932
"GET /admin/jsi18n/ HTTP/1.1" 200 3343
"GET /static/admin/css/base.css HTTP/1.1" 200 19513
"GET /static/djangocms_admin_style/img/icon_arrow_down.png HTTP/1.1" 200 15112
"GET / HTTP/1.1" 200 9304
"GET /static/css/base.css HTTP/1.1" 200 26
"GET /media/slider/2022/abstract-colour-9-copy-scaled_vMfFR6F_T0zOfsK.jpg HTTP/1.1" 200 822379
"GET /media/slider/2022/maxresdefault.jpg HTTP/1.1" 200 119909
"GET /admin/webpages/slider/2/change/ HTTP/1.1" 200 13086
"GET /static/admin/css/forms.css HTTP/1.1" 200 8878
"GET /static/admin/css/base.css HTTP/1.1" 200 19513
"GET /admin/jsi18n/ HTTP/1.1" 200 3343
"GET /static/admin/js/prepopulate_init.js HTTP/1.1" 200 492
"GET /static/admin/css/widgets.css HTTP/1.1" 200 11097
"GET /static/admin/js/change_form.js HTTP/1.1" 200 606
"POST /admin/webpages/slider/2/change/ HTTP/1.1" 302 0
"GET /admin/webpages/slider/ HTTP/1.1" 200 11508
"GET /admin/jsi18n/ HTTP/1.1" 200 3343
"GET /static/admin/css/changelists.css HTTP/1.1" 200 6932
"GET / HTTP/1.1" 200 9306
"GET /static/css/base.css HTTP/1.1" 200 26
"GET /media/slider/2022/abstract-colour-9-copy-scaled_vMfFR6F_T0zOfsK.jpg HTTP/1.1" 304 0
"GET /media/slider/2022/maxresdefault_1.jpg HTTP/1.1" 200 74473
"GET /admin/webpages/slider/2/change/ HTTP/1.1" 200 13090
"GET /static/admin/css/base.css HTTP/1.1" 200 19513
"GET /admin/jsi18n/ HTTP/1.1" 200 3343
"GET /static/admin/css/forms.css HTTP/1.1" 200 8878
"GET /static/admin/js/prepopulate_init.js HTTP/1.1" 200 492
"GET /static/admin/css/widgets.css HTTP/1.1" 200 11097
"GET /static/admin/js/change_form.js HTTP/1.1" 200 606
"POST /admin/webpages/slider/2/change/ HTTP/1.1" 302 0
"GET /admin/webpages/slider/ HTTP/1.1" 200 11508
"GET /admin/jsi18n/ HTTP/1.1" 200 3343
"GET /static/admin/css/changelists.css HTTP/1.1" 200 6932
"GET / HTTP/1.1" 200 9314
"GET /static/css/base.css HTTP/1.1" 200 26
"GET /media/slider/2022/maxresdefault_1_otZFnSW.jpg HTTP/1.1" 200 115883
"GET /admin/hiretubers/hiretubers/ HTTP/1.1" 200 9889
"GET /static/admin/css/base.css HTTP/1.1" 200 19513
"GET /admin/jsi18n/ HTTP/1.1" 200 3343
"GET /static/admin/css/changelists.css HTTP/1.1" 200 6932
"GET /admin/hiretubers/hiretubers/add/ HTTP/1.1" 200 15470
"GET /static/admin/css/forms.css HTTP/1.1" 200 8878
"GET /static/admin/js/calendar.js HTTP/1.1" 200 8466
"GET /static/admin/js/admin/DateTimeShortcuts.js HTTP/1.1" 200 19634
"GET /admin/jsi18n/ HTTP/1.1" 200 3343
"GET /static/admin/js/prepopulate_init.js HTTP/1.1" 200 492
"GET /static/admin/js/change_form.js HTTP/1.1" 200 606
"GET /static/admin/css/widgets.css HTTP/1.1" 200 11097
"GET /admin/sites/site/ HTTP/1.1" 200 11753
"GET /static/admin/css/changelists.css HTTP/1.1" 200 6932
"GET /admin/jsi18n/ HTTP/1.1" 200 3343
"GET /static/admin/css/base.css HTTP/1.1" 200 19513
"GET /static/admin/img/search.svg HTTP/1.1" 200 442
"GET /static/djangocms_admin_style/img/icon_search_white@2x.png HTTP/1.1" 200 1265
"GET /static/djangocms_admin_style/img/sorting-icons.png HTTP/1.1" 200 1447
"GET /admin/youtubers/youtuber/ HTTP/1.1" 200 10965
"GET /static/admin/css/base.css HTTP/1.1" 200 19513
"GET /static/admin/css/forms.css HTTP/1.1" 200 8878
"GET /static/admin/css/changelists.css HTTP/1.1" 200 6932
"GET /admin/jsi18n/ HTTP/1.1" 200 3343
"GET /admin/youtubers/youtuber/add/ HTTP/1.1" 200 19091
"GET /static/ckeditor/ckeditor-init.js HTTP/1.1" 200 1525
"GET /admin/jsi18n/ HTTP/1.1" 200 3343
"GET /static/admin/js/change_form.js HTTP/1.1" 200 606
"GET /static/ckeditor/ckeditor/ckeditor.js HTTP/1.1" 200 753458
"GET /static/ckeditor/ckeditor/config.js?t=M2G9 HTTP/1.1" 200 336
"GET /static/ckeditor/ckeditor/lang/en.js?t=M2G9 HTTP/1.1" 200 17445
"GET /static/ckeditor/ckeditor/skins/moono-lisa/editor.css?t=M2G9 HTTP/1.1" 200 48309
"GET /static/ckeditor/ckeditor/styles.js?t=M2G9 HTTP/1.1" 200 5577
"GET /static/ckeditor/ckeditor/plugins/tableselection/styles/tableselection.css?t=M2G9 HTTP/1.1" 200 1145
"GET /static/ckeditor/ckeditor/plugins/scayt/dialogs/dialog.css?t=M2G9 HTTP/1.1" 200 419
"GET /static/ckeditor/ckeditor/plugins/scayt/skins/moono-lisa/scayt.css?t=M2G9 HTTP/1.1" 200 381
"GET /static/ckeditor/ckeditor/plugins/dialog/styles/dialog.css?t=M2G9 HTTP/1.1" 200 249
"GET /static/ckeditor/ckeditor/plugins/copyformatting/styles/copyformatting.css?t=M2G9 HTTP/1.1" 200 1511
"GET /static/ckeditor/ckeditor/plugins/icons.png?t=M2G9 HTTP/1.1" 200 12237
"GET /static/ckeditor/ckeditor/plugins/tableselection/styles/tableselection.css?t=M2G9 HTTP/1.1" 200 1145
"GET /static/ckeditor/ckeditor/contents.css?t=M2G9 HTTP/1.1" 200 3092
"GET /static/ckeditor/ckeditor/plugins/copyformatting/styles/copyformatting.css?t=M2G9 HTTP/1.1" 200 1511
"GET /static/ckeditor/ckeditor/skins/moono-lisa/icons.png?t=5fe059002f HTTP/1.1" 200 12237
"GET /static/ckeditor/ckeditor/skins/moono-lisa/dialog.css?t=M2G9 HTTP/1.1" 200 13634
"GET /static/ckeditor/ckeditor/plugins/link/dialogs/link.js?t=M2G9 HTTP/1.1" 200 13234
"GET /static/ckeditor/ckeditor/skins/moono-lisa/images/close.png HTTP/1.1" 200 615
"POST /admin/youtubers/youtuber/add/ HTTP/1.1" 200 20590
"GET /static/admin/css/forms.css HTTP/1.1" 200 8878
"GET /static/admin/css/base.css HTTP/1.1" 200 19513
"GET /admin/jsi18n/ HTTP/1.1" 200 3343
"GET /static/admin/js/change_form.js HTTP/1.1" 200 606
"GET /static/ckeditor/ckeditor/config.js?t=M2G9 HTTP/1.1" 200 336
"GET /static/ckeditor/ckeditor/lang/en.js?t=M2G9 HTTP/1.1" 200 17445
"GET /static/ckeditor/ckeditor/skins/moono-lisa/editor.css?t=M2G9 HTTP/1.1" 200 48309
"GET /static/ckeditor/ckeditor/styles.js?t=M2G9 HTTP/1.1" 200 5577
"GET /static/ckeditor/ckeditor/plugins/scayt/dialogs/dialog.css?t=M2G9 HTTP/1.1" 200 419
"GET /static/ckeditor/ckeditor/plugins/scayt/skins/moono-lisa/scayt.css?t=M2G9 HTTP/1.1" 200 381
"GET /static/ckeditor/ckeditor/plugins/tableselection/styles/tableselection.css?t=M2G9 HTTP/1.1" 200 1145
"GET /static/ckeditor/ckeditor/plugins/dialog/styles/dialog.css?t=M2G9 HTTP/1.1" 200 249
"GET /static/ckeditor/ckeditor/plugins/copyformatting/styles/copyformatting.css?t=M2G9 HTTP/1.1" 200 1511
"GET /static/ckeditor/ckeditor/contents.css?t=M2G9 HTTP/1.1" 200 3092
"GET /static/ckeditor/ckeditor/plugins/tableselection/styles/tableselection.css?t=M2G9 HTTP/1.1" 200 1145
"GET /static/ckeditor/ckeditor/plugins/copyformatting/styles/copyformatting.css?t=M2G9 HTTP/1.1" 200 1511
"POST /admin/youtubers/youtuber/add/ HTTP/1.1" 302 0
"GET /admin/youtubers/youtuber/ HTTP/1.1" 200 13487
"GET /static/admin/css/base.css HTTP/1.1" 200 19513
"GET /static/admin/css/forms.css HTTP/1.1" 200 8878
"GET /static/admin/css/changelists.css HTTP/1.1" 200 6932
"GET /static/admin/css/nav_sidebar.css HTTP/1.1" 200 2616
"GET /static/admin/css/responsive.css HTTP/1.1" 200 18575
"GET /admin/jsi18n/ HTTP/1.1" 200 3343
"GET /static/djangocms_admin_style/css/djangocms-admin.css HTTP/1.1" 200 190420
"GET /media/ytubers/2022/08/Ce2MApZf_400x400.jpg HTTP/1.1" 200 24604
"GET / HTTP/1.1" 200 10667
"GET /static/css/base.css HTTP/1.1" 200 26
"GET /media/slider/2022/abstract-colour-9-copy-scaled_vMfFR6F_T0zOfsK.jpg HTTP/1.1" 304 0
"GET /media/slider/2022/maxresdefault_1_otZFnSW.jpg HTTP/1.1" 304 0
"GET /media/ytubers/2022/08/Ce2MApZf_400x400.jpg HTTP/1.1" 200 24604
"GET /about HTTP/1.1" 200 8023
"GET /static/css/base.css HTTP/1.1" 200 26
"GET /services HTTP/1.1" 200 4881
"GET /youtubers/ HTTP/1.1" 200 9124
"GET /media/ytubers/2022/08/Ce2MApZf_400x400.jpg HTTP/1.1" 304 0
"GET /youtubers/1 HTTP/1.1" 200 12494
"GET /media/ytubers/2022/08/Ce2MApZf_400x400.jpg HTTP/1.1" 304 0
"GET /admin/youtubers/youtuber/1/change/ HTTP/1.1" 200 20842
"GET /static/admin/css/base.css HTTP/1.1" 200 19513
"GET /static/admin/css/nav_sidebar.css HTTP/1.1" 200 2616
"GET /static/admin/css/forms.css HTTP/1.1" 200 8878
"GET /static/admin/css/responsive.css HTTP/1.1" 200 18575
"GET /static/djangocms_admin_style/css/djangocms-admin.css HTTP/1.1" 200 190420
"GET /static/ckeditor/ckeditor/ckeditor.js HTTP/1.1" 200 753458
"GET /static/admin/js/calendar.js HTTP/1.1" 200 8466
"GET /static/ckeditor/ckeditor-init.js HTTP/1.1" 200 1525
"GET /static/admin/js/prepopulate_init.js HTTP/1.1" 200 492
"GET /admin/jsi18n/ HTTP/1.1" 200 3343
"GET /static/admin/js/admin/DateTimeShortcuts.js HTTP/1.1" 200 19634
"GET /static/admin/js/change_form.js HTTP/1.1" 200 606
"GET /static/ckeditor/ckeditor/config.js?t=M2G9 HTTP/1.1" 200 336
"GET /static/ckeditor/ckeditor/lang/en.js?t=M2G9 HTTP/1.1" 200 17445
"GET /static/ckeditor/ckeditor/skins/moono-lisa/editor.css?t=M2G9 HTTP/1.1" 200 48309
"GET /static/ckeditor/ckeditor/styles.js?t=M2G9 HTTP/1.1" 200 5577
"GET /static/ckeditor/ckeditor/plugins/scayt/dialogs/dialog.css?t=M2G9 HTTP/1.1" 200 419
"GET /static/ckeditor/ckeditor/plugins/scayt/skins/moono-lisa/scayt.css?t=M2G9 HTTP/1.1" 200 381
"GET /static/ckeditor/ckeditor/plugins/tableselection/styles/tableselection.css?t=M2G9 HTTP/1.1" 200 1145
"GET /static/ckeditor/ckeditor/plugins/dialog/styles/dialog.css?t=M2G9 HTTP/1.1" 200 249
"GET /static/ckeditor/ckeditor/plugins/copyformatting/styles/copyformatting.css?t=M2G9 HTTP/1.1" 200 1511
"GET /static/ckeditor/ckeditor/skins/moono-lisa/icons.png?t=5fe059002f HTTP/1.1" 200 12237
"GET /static/ckeditor/ckeditor/plugins/tableselection/styles/tableselection.css?t=M2G9 HTTP/1.1" 200 1145
"GET /static/ckeditor/ckeditor/contents.css?t=M2G9 HTTP/1.1" 200 3092
"GET /static/ckeditor/ckeditor/plugins/copyformatting/styles/copyformatting.css?t=M2G9 HTTP/1.1" 200 1511
"POST /admin/youtubers/youtuber/1/change/ HTTP/1.1" 302 0
"GET /admin/youtubers/youtuber/ HTTP/1.1" 200 13489
"GET /static/admin/css/base.css HTTP/1.1" 200 19513
"GET /static/admin/css/nav_sidebar.css HTTP/1.1" 200 2616
"GET /static/admin/css/forms.css HTTP/1.1" 200 8878
"GET /static/admin/css/responsive.css HTTP/1.1" 200 18575
"GET /static/admin/css/changelists.css HTTP/1.1" 200 6932
"GET /admin/jsi18n/ HTTP/1.1" 200 3343
"GET /static/djangocms_admin_style/css/djangocms-admin.css HTTP/1.1" 200 190420
"GET /media/ytubers/2022/08/Ce2MApZf_400x400.jpg HTTP/1.1" 200 24604
"GET /youtubers/1 HTTP/1.1" 200 12507
"GET /static/css/base.css HTTP/1.1" 200 26
"GET /media/ytubers/2022/08/Ce2MApZf_400x400.jpg HTTP/1.1" 304 0
"GET /admin/youtubers/youtuber/1/change/ HTTP/1.1" 200 20855
"GET /static/admin/css/base.css HTTP/1.1" 200 19513
"GET /static/admin/css/nav_sidebar.css HTTP/1.1" 200 2616
"GET /static/admin/css/forms.css HTTP/1.1" 200 8878
"GET /admin/jsi18n/ HTTP/1.1" 200 3343
"GET /static/ckeditor/ckeditor/ckeditor.js HTTP/1.1" 200 753458
"GET /static/admin/css/responsive.css HTTP/1.1" 200 18575
"GET /static/djangocms_admin_style/css/djangocms-admin.css HTTP/1.1" 200 190420
"GET /static/admin/js/calendar.js HTTP/1.1" 200 8466
"GET /static/admin/js/prepopulate_init.js HTTP/1.1" 200 492
"GET /static/ckeditor/ckeditor-init.js HTTP/1.1" 200 1525
"GET /static/admin/js/admin/DateTimeShortcuts.js HTTP/1.1" 200 19634
"GET /static/admin/js/change_form.js HTTP/1.1" 200 606
"GET /static/ckeditor/ckeditor/config.js?t=M2G9 HTTP/1.1" 200 336
"GET /static/ckeditor/ckeditor/lang/en.js?t=M2G9 HTTP/1.1" 200 17445
"GET /static/ckeditor/ckeditor/skins/moono-lisa/editor.css?t=M2G9 HTTP/1.1" 200 48309
"GET /static/ckeditor/ckeditor/styles.js?t=M2G9 HTTP/1.1" 200 5577
"GET /static/ckeditor/ckeditor/plugins/scayt/skins/moono-lisa/scayt.css?t=M2G9 HTTP/1.1" 200 381
"GET /static/ckeditor/ckeditor/plugins/tableselection/styles/tableselection.css?t=M2G9 HTTP/1.1" 200 1145
"GET /static/ckeditor/ckeditor/plugins/scayt/dialogs/dialog.css?t=M2G9 HTTP/1.1" 200 419
"GET /static/ckeditor/ckeditor/plugins/dialog/styles/dialog.css?t=M2G9 HTTP/1.1" 200 249
"GET /static/ckeditor/ckeditor/plugins/copyformatting/styles/copyformatting.css?t=M2G9 HTTP/1.1" 200 1511
"GET /static/ckeditor/ckeditor/skins/moono-lisa/icons.png?t=5fe059002f HTTP/1.1" 200 12237
"GET /static/ckeditor/ckeditor/plugins/copyformatting/styles/copyformatting.css?t=M2G9 HTTP/1.1" 200 1511
"GET /static/ckeditor/ckeditor/contents.css?t=M2G9 HTTP/1.1" 200 3092
"GET /static/ckeditor/ckeditor/plugins/tableselection/styles/tableselection.css?t=M2G9 HTTP/1.1" 200 1145
"POST /admin/youtubers/youtuber/1/change/ HTTP/1.1" 302 0
"GET /admin/youtubers/youtuber/ HTTP/1.1" 200 13489
"GET /static/admin/css/base.css HTTP/1.1" 200 19513
"GET /static/admin/css/nav_sidebar.css HTTP/1.1" 200 2616
"GET /static/admin/css/changelists.css HTTP/1.1" 200 6932
"GET /static/admin/css/forms.css HTTP/1.1" 200 8878
"GET /admin/jsi18n/ HTTP/1.1" 200 3343
"GET /static/admin/css/responsive.css HTTP/1.1" 200 18575
"GET /static/djangocms_admin_style/css/djangocms-admin.css HTTP/1.1" 200 190420
"GET /media/ytubers/2022/08/Ce2MApZf_400x400.jpg HTTP/1.1" 200 24604
"GET /youtubers/1 HTTP/1.1" 200 12779
"GET /static/css/base.css HTTP/1.1" 200 26
"GET /media/ytubers/2022/08/Ce2MApZf_400x400.jpg HTTP/1.1" 304 0
"GET /admin/youtubers/youtuber/1/change/ HTTP/1.1" 200 21127
"GET /static/admin/css/base.css HTTP/1.1" 200 19513
"GET /static/ckeditor/ckeditor-init.js HTTP/1.1" 200 1525
"GET /static/admin/css/forms.css HTTP/1.1" 200 8878
"GET /static/admin/css/nav_sidebar.css HTTP/1.1" 200 2616
"GET /admin/jsi18n/ HTTP/1.1" 200 3343
"GET /static/djangocms_admin_style/css/djangocms-admin.css HTTP/1.1" 200 190420
"GET /static/admin/js/prepopulate_init.js HTTP/1.1" 200 492
"GET /static/admin/js/calendar.js HTTP/1.1" 200 8466
"GET /static/admin/css/responsive.css HTTP/1.1" 200 18575
"GET /static/admin/js/admin/DateTimeShortcuts.js HTTP/1.1" 200 19634
"GET /static/ckeditor/ckeditor/ckeditor.js HTTP/1.1" 200 753458
"GET /static/admin/js/change_form.js HTTP/1.1" 200 606
"GET /static/ckeditor/ckeditor/config.js?t=M2G9 HTTP/1.1" 200 336
"GET /static/ckeditor/ckeditor/lang/en.js?t=M2G9 HTTP/1.1" 200 17445
"GET /static/ckeditor/ckeditor/skins/moono-lisa/editor.css?t=M2G9 HTTP/1.1" 200 48309
"GET /static/ckeditor/ckeditor/styles.js?t=M2G9 HTTP/1.1" 200 5577
"GET /static/ckeditor/ckeditor/plugins/scayt/skins/moono-lisa/scayt.css?t=M2G9 HTTP/1.1" 200 381
"GET /static/ckeditor/ckeditor/plugins/tableselection/styles/tableselection.css?t=M2G9 HTTP/1.1" 200 1145
"GET /static/ckeditor/ckeditor/plugins/scayt/dialogs/dialog.css?t=M2G9 HTTP/1.1" 200 419
"GET /static/ckeditor/ckeditor/plugins/copyformatting/styles/copyformatting.css?t=M2G9 HTTP/1.1" 200 1511
"GET /static/ckeditor/ckeditor/plugins/dialog/styles/dialog.css?t=M2G9 HTTP/1.1" 200 249
"GET /static/ckeditor/ckeditor/skins/moono-lisa/icons.png?t=5fe059002f HTTP/1.1" 200 12237
"GET /static/ckeditor/ckeditor/contents.css?t=M2G9 HTTP/1.1" 200 3092
"GET /static/ckeditor/ckeditor/plugins/copyformatting/styles/copyformatting.css?t=M2G9 HTTP/1.1" 200 1511
"GET /static/ckeditor/ckeditor/plugins/tableselection/styles/tableselection.css?t=M2G9 HTTP/1.1" 200 1145
"POST /admin/youtubers/youtuber/1/change/ HTTP/1.1" 302 0
"GET /admin/youtubers/youtuber/ HTTP/1.1" 200 13489
"GET /static/admin/css/base.css HTTP/1.1" 200 19513
"GET /static/admin/css/nav_sidebar.css HTTP/1.1" 200 2616
"GET /static/admin/css/changelists.css HTTP/1.1" 200 6932
"GET /static/admin/css/forms.css HTTP/1.1" 200 8878
"GET /admin/jsi18n/ HTTP/1.1" 200 3343
"GET /static/admin/css/responsive.css HTTP/1.1" 200 18575
"GET /static/djangocms_admin_style/css/djangocms-admin.css HTTP/1.1" 200 190420
"GET /media/ytubers/2022/08/Ce2MApZf_400x400.jpg HTTP/1.1" 200 24604
"GET /youtubers/1 HTTP/1.1" 200 12507
"GET /static/css/base.css HTTP/1.1" 200 26
"GET /media/ytubers/2022/08/Ce2MApZf_400x400.jpg HTTP/1.1" 304 0
"GET /admin/youtubers/youtuber/1/change/ HTTP/1.1" 200 20855
"GET /static/admin/css/nav_sidebar.css HTTP/1.1" 200 2616
"GET /static/admin/css/base.css HTTP/1.1" 200 19513
"GET /static/admin/css/forms.css HTTP/1.1" 200 8878
"GET /static/djangocms_admin_style/css/djangocms-admin.css HTTP/1.1" 200 190420
"GET /static/admin/css/responsive.css HTTP/1.1" 200 18575
"GET /admin/jsi18n/ HTTP/1.1" 200 3343
"GET /static/admin/js/prepopulate_init.js HTTP/1.1" 200 492
"GET /static/admin/js/admin/DateTimeShortcuts.js HTTP/1.1" 200 19634
"GET /static/ckeditor/ckeditor-init.js HTTP/1.1" 200 1525
"GET /static/ckeditor/ckeditor/ckeditor.js HTTP/1.1" 200 753458
"GET /static/admin/js/calendar.js HTTP/1.1" 200 8466
"GET /static/admin/js/change_form.js HTTP/1.1" 200 606
"GET /static/ckeditor/ckeditor/config.js?t=M2G9 HTTP/1.1" 200 336
"GET /static/ckeditor/ckeditor/lang/en.js?t=M2G9 HTTP/1.1" 200 17445
"GET /static/ckeditor/ckeditor/skins/moono-lisa/editor.css?t=M2G9 HTTP/1.1" 200 48309
"GET /static/ckeditor/ckeditor/styles.js?t=M2G9 HTTP/1.1" 200 5577
"GET /static/ckeditor/ckeditor/plugins/scayt/dialogs/dialog.css?t=M2G9 HTTP/1.1" 200 419
"GET /static/ckeditor/ckeditor/plugins/tableselection/styles/tableselection.css?t=M2G9 HTTP/1.1" 200 1145
"GET /static/ckeditor/ckeditor/plugins/scayt/skins/moono-lisa/scayt.css?t=M2G9 HTTP/1.1" 200 381
"GET /static/ckeditor/ckeditor/plugins/dialog/styles/dialog.css?t=M2G9 HTTP/1.1" 200 249
"GET /static/ckeditor/ckeditor/plugins/copyformatting/styles/copyformatting.css?t=M2G9 HTTP/1.1" 200 1511
"GET /static/ckeditor/ckeditor/skins/moono-lisa/icons.png?t=5fe059002f HTTP/1.1" 200 12237
"GET /static/ckeditor/ckeditor/plugins/tableselection/styles/tableselection.css?t=M2G9 HTTP/1.1" 200 1145
"GET /static/ckeditor/ckeditor/contents.css?t=M2G9 HTTP/1.1" 200 3092
"GET /static/ckeditor/ckeditor/plugins/copyformatting/styles/copyformatting.css?t=M2G9 HTTP/1.1" 200 1511
"POST /admin/youtubers/youtuber/1/change/ HTTP/1.1" 302 0
"GET /admin/youtubers/youtuber/ HTTP/1.1" 200 13489
"GET /static/admin/css/base.css HTTP/1.1" 200 19513
"GET /static/admin/css/changelists.css HTTP/1.1" 200 6932
"GET /static/admin/css/forms.css HTTP/1.1" 200 8878
"GET /static/admin/css/nav_sidebar.css HTTP/1.1" 200 2616
"GET /admin/jsi18n/ HTTP/1.1" 200 3343
"GET /static/admin/css/responsive.css HTTP/1.1" 200 18575
"GET /static/djangocms_admin_style/css/djangocms-admin.css HTTP/1.1" 200 190420
"GET /media/ytubers/2022/08/Ce2MApZf_400x400.jpg HTTP/1.1" 200 24604
"GET /youtubers/1 HTTP/1.1" 200 12507
"GET /static/css/base.css HTTP/1.1" 200 26
"GET /media/ytubers/2022/08/Ce2MApZf_400x400.jpg HTTP/1.1" 304 0
"GET /youtubers/1 HTTP/1.1" 200 12507
"GET /static/css/base.css HTTP/1.1" 200 26
"GET /media/ytubers/2022/08/Ce2MApZf_400x400.jpg HTTP/1.1" 200 24604
"GET /youtubers/1 HTTP/1.1" 200 12507
"GET /static/css/base.css HTTP/1.1" 200 26
"GET /media/ytubers/2022/08/Ce2MApZf_400x400.jpg HTTP/1.1" 200 24604
"GET / HTTP/1.1" 200 10667
"GET /static/css/base.css HTTP/1.1" 200 26
"GET /media/ytubers/2022/08/Ce2MApZf_400x400.jpg HTTP/1.1" 200 24604
"GET /media/slider/2022/maxresdefault_1_otZFnSW.jpg HTTP/1.1" 200 115883
"GET /media/slider/2022/abstract-colour-9-copy-scaled_vMfFR6F_T0zOfsK.jpg HTTP/1.1" 200 822379
"GET /youtubers/1 HTTP/1.1" 200 12507
"GET /static/css/base.css HTTP/1.1" 200 26
"GET /accounts/dashboard HTTP/1.1" 200 7423
"GET /admin/ HTTP/1.1" 200 12692
"GET /static/admin/css/base.css HTTP/1.1" 200 19513
"GET /static/admin/css/fonts.css HTTP/1.1" 200 423
"GET /static/admin/css/responsive.css HTTP/1.1" 200 18575
"GET /static/admin/css/nav_sidebar.css HTTP/1.1" 200 2616
"GET /static/admin/css/dashboard.css HTTP/1.1" 200 380
"GET /static/djangocms_admin_style/css/djangocms-admin.css HTTP/1.1" 200 190420
"GET /static/djangocms_admin_style/js/dist/bundle.adminstyle.min.js HTTP/1.1" 200 104713
"GET /static/admin/js/nav_sidebar.js HTTP/1.1" 200 3401
"GET /static/djangocms_admin_style/img/icon_arrow_right.png HTTP/1.1" 200 15812
"GET /static/djangocms_admin_style/fonts/django-admin-iconfont.woff2?v=3.2.0 HTTP/1.1" 200 8788
"GET / HTTP/1.1" 200 10667
"GET /about HTTP/1.1" 200 8023
"GET /services HTTP/1.1" 200 4881
"GET /youtubers/ HTTP/1.1" 200 9124
"GET /contact HTTP/1.1" 200 8371
"GET /youtubers/ HTTP/1.1" 200 9124
Watching for file changes with StatReloader
"GET / HTTP/1.1" 200 10557
"GET /static/css/base.css HTTP/1.1" 200 26
"GET /media/slider/2022/abstract-colour-9-copy-scaled_vMfFR6F_T0zOfsK.jpg HTTP/1.1" 200 822379
"GET /media/slider/2022/maxresdefault_1_otZFnSW.jpg HTTP/1.1" 200 115883
"GET /media/ytubers/2022/08/Ce2MApZf_400x400.jpg HTTP/1.1" 200 24604
Not Found: /favicon.ico
"GET /favicon.ico HTTP/1.1" 404 3597
"GET /accounts/login HTTP/1.1" 200 7462
"GET /static/css/base.css HTTP/1.1" 200 26
"GET /social_accounts/facebook/login/ HTTP/1.1" 200 654
Internal Server Error: /social_accounts/facebook/login/
Traceback (most recent call last):
  File "/home/avnish/.local/share/virtualenvs/tubers-8FaHuHRG/lib/python3.9/site-packages/django/core/handlers/exception.py", line 55, in inner
    response = get_response(request)
  File "/home/avnish/.local/share/virtualenvs/tubers-8FaHuHRG/lib/python3.9/site-packages/django/core/handlers/base.py", line 197, in _get_response
    response = wrapped_callback(request, *callback_args, **callback_kwargs)
  File "/home/avnish/.local/share/virtualenvs/tubers-8FaHuHRG/lib/python3.9/site-packages/allauth/socialaccount/providers/oauth2/views.py", line 80, in view
    return self.dispatch(request, *args, **kwargs)
  File "/home/avnish/.local/share/virtualenvs/tubers-8FaHuHRG/lib/python3.9/site-packages/allauth/socialaccount/providers/base/mixins.py", line 18, in dispatch
    return self.login(request, *args, **kwargs)
  File "/home/avnish/.local/share/virtualenvs/tubers-8FaHuHRG/lib/python3.9/site-packages/allauth/socialaccount/providers/oauth2/views.py", line 108, in login
    app = provider.get_app(self.request)
  File "/home/avnish/.local/share/virtualenvs/tubers-8FaHuHRG/lib/python3.9/site-packages/allauth/socialaccount/providers/base/provider.py", line 30, in get_app
    return adapter.get_app(request, self.id)
  File "/home/avnish/.local/share/virtualenvs/tubers-8FaHuHRG/lib/python3.9/site-packages/allauth/socialaccount/adapter.py", line 204, in get_app
    app = SocialApp.objects.get_current(provider, request)
  File "/home/avnish/.local/share/virtualenvs/tubers-8FaHuHRG/lib/python3.9/site-packages/allauth/socialaccount/models.py", line 31, in get_current
    app = self.get(sites__id=site.id, provider=provider)
  File "/home/avnish/.local/share/virtualenvs/tubers-8FaHuHRG/lib/python3.9/site-packages/django/db/models/manager.py", line 85, in manager_method
    return getattr(self.get_queryset(), name)(*args, **kwargs)
  File "/home/avnish/.local/share/virtualenvs/tubers-8FaHuHRG/lib/python3.9/site-packages/django/db/models/query.py", line 496, in get
    raise self.model.DoesNotExist(
allauth.socialaccount.models.SocialApp.DoesNotExist: SocialApp matching query does not exist.
"POST /social_accounts/facebook/login/ HTTP/1.1" 500 105037
"GET /social_accounts/facebook/login/ HTTP/1.1" 200 654
"GET /accounts/login HTTP/1.1" 200 7462
"GET /static/css/base.css HTTP/1.1" 200 26
"GET / HTTP/1.1" 200 10557
"GET /static/css/base.css HTTP/1.1" 200 26
"GET /media/ytubers/2022/08/Ce2MApZf_400x400.jpg HTTP/1.1" 200 24604
"GET /media/slider/2022/abstract-colour-9-copy-scaled_vMfFR6F_T0zOfsK.jpg HTTP/1.1" 200 822379
"GET /media/slider/2022/maxresdefault_1_otZFnSW.jpg HTTP/1.1" 200 115883
"GET /admin/ HTTP/1.1" 302 0
"GET /admin/login/?next=/admin/ HTTP/1.1" 200 3035
"GET /static/admin/css/base.css HTTP/1.1" 200 19513
"GET /static/admin/css/nav_sidebar.css HTTP/1.1" 200 2616
"GET /static/admin/css/login.css HTTP/1.1" 200 954
"GET /static/admin/css/responsive.css HTTP/1.1" 200 18575
"GET /static/djangocms_admin_style/js/dist/bundle.adminstyle.min.js HTTP/1.1" 200 104713
"GET /static/djangocms_admin_style/css/djangocms-admin.css HTTP/1.1" 200 190420
"GET /static/admin/js/nav_sidebar.js HTTP/1.1" 200 3401
"GET /static/admin/css/fonts.css HTTP/1.1" 200 423
"GET /static/djangocms_admin_style/fonts/django-admin-iconfont.woff2?v=3.2.0 HTTP/1.1" 200 8788
"POST /admin/login/?next=/admin/ HTTP/1.1" 302 0
"GET /admin/ HTTP/1.1" 200 12692
"GET /static/admin/css/dashboard.css HTTP/1.1" 200 380
"GET /static/admin/css/nav_sidebar.css HTTP/1.1" 200 2616
"GET /static/admin/css/responsive.css HTTP/1.1" 200 18575
"GET /static/admin/css/base.css HTTP/1.1" 200 19513
"GET /static/djangocms_admin_style/css/djangocms-admin.css HTTP/1.1" 200 190420
"GET /static/djangocms_admin_style/img/icon_arrow_right.png HTTP/1.1" 200 15812
"GET /admin/youtubers/youtuber/ HTTP/1.1" 200 13269
"GET /static/admin/css/base.css HTTP/1.1" 200 19513
"GET /static/admin/css/nav_sidebar.css HTTP/1.1" 200 2616
"GET /static/admin/css/changelists.css HTTP/1.1" 200 6932
"GET /static/admin/css/forms.css HTTP/1.1" 200 8878
"GET /static/admin/css/responsive.css HTTP/1.1" 200 18575
"GET /admin/jsi18n/ HTTP/1.1" 200 3343
"GET /static/djangocms_admin_style/css/djangocms-admin.css HTTP/1.1" 200 190420
"GET /static/admin/js/vendor/jquery/jquery.js HTTP/1.1" 200 288580
"GET /static/admin/js/jquery.init.js HTTP/1.1" 200 347
"GET /static/admin/js/core.js HTTP/1.1" 200 5698
"GET /static/admin/js/actions.js HTTP/1.1" 200 7872
"GET /static/admin/js/prepopulate.js HTTP/1.1" 200 1531
"GET /static/admin/js/urlify.js HTTP/1.1" 200 7902
"GET /static/admin/js/admin/RelatedObjectLookups.js HTTP/1.1" 200 5984
"GET /static/admin/js/vendor/xregexp/xregexp.js HTTP/1.1" 200 232381
"GET /static/admin/css/widgets.css HTTP/1.1" 200 11097
"GET /media/ytubers/2022/08/Ce2MApZf_400x400.jpg HTTP/1.1" 200 24604
"GET /static/djangocms_admin_style/img/icon_arrow_down.png HTTP/1.1" 200 15112
"GET /admin/youtubers/youtuber/add/ HTTP/1.1" 200 19091
"GET /static/djangocms_admin_style/css/djangocms-admin.css HTTP/1.1" 200 190420
"GET /static/admin/css/nav_sidebar.css HTTP/1.1" 200 2616
"GET /static/admin/css/forms.css HTTP/1.1" 200 8878
"GET /static/ckeditor/ckeditor-init.js HTTP/1.1" 200 1525
"GET /static/admin/css/base.css HTTP/1.1" 200 19513
"GET /admin/jsi18n/ HTTP/1.1" 200 3343
"GET /static/admin/css/responsive.css HTTP/1.1" 200 18575
"GET /static/admin/js/prepopulate_init.js HTTP/1.1" 200 492
"GET /static/admin/js/calendar.js HTTP/1.1" 200 8466
"GET /static/admin/js/admin/DateTimeShortcuts.js HTTP/1.1" 200 19634
"GET /static/ckeditor/ckeditor/ckeditor.js HTTP/1.1" 200 753458
"GET /static/admin/js/change_form.js HTTP/1.1" 200 606
"GET /static/ckeditor/ckeditor/config.js?t=M2G9 HTTP/1.1" 200 336
"GET /static/ckeditor/ckeditor/lang/en.js?t=M2G9 HTTP/1.1" 200 17445
"GET /static/ckeditor/ckeditor/skins/moono-lisa/editor.css?t=M2G9 HTTP/1.1" 200 48309
"GET /static/ckeditor/ckeditor/styles.js?t=M2G9 HTTP/1.1" 200 5577
"GET /static/ckeditor/ckeditor/plugins/tableselection/styles/tableselection.css?t=M2G9 HTTP/1.1" 200 1145
"GET /static/ckeditor/ckeditor/plugins/scayt/dialogs/dialog.css?t=M2G9 HTTP/1.1" 200 419
"GET /static/ckeditor/ckeditor/plugins/scayt/skins/moono-lisa/scayt.css?t=M2G9 HTTP/1.1" 200 381
"GET /static/ckeditor/ckeditor/plugins/dialog/styles/dialog.css?t=M2G9 HTTP/1.1" 200 249
"GET /static/ckeditor/ckeditor/plugins/copyformatting/styles/copyformatting.css?t=M2G9 HTTP/1.1" 200 1511
"GET /static/ckeditor/ckeditor/skins/moono-lisa/icons.png?t=5fe059002f HTTP/1.1" 200 12237
"GET /static/ckeditor/ckeditor/contents.css?t=M2G9 HTTP/1.1" 200 3092
"GET /static/ckeditor/ckeditor/plugins/copyformatting/styles/copyformatting.css?t=M2G9 HTTP/1.1" 200 1511
"GET /static/ckeditor/ckeditor/plugins/tableselection/styles/tableselection.css?t=M2G9 HTTP/1.1" 200 1145
"POST /admin/youtubers/youtuber/add/ HTTP/1.1" 302 0
"GET /admin/youtubers/youtuber/ HTTP/1.1" 200 14112
"GET /static/admin/css/forms.css HTTP/1.1" 200 8878
"GET /static/admin/css/nav_sidebar.css HTTP/1.1" 200 2616
"GET /static/admin/css/changelists.css HTTP/1.1" 200 6932
"GET /static/admin/css/responsive.css HTTP/1.1" 200 18575
"GET /static/djangocms_admin_style/css/djangocms-admin.css HTTP/1.1" 200 190420
"GET /admin/jsi18n/ HTTP/1.1" 200 3343
"GET /static/admin/css/base.css HTTP/1.1" 200 19513
"GET /media/ytubers/2022/08/Ce2MApZf_400x400.jpg HTTP/1.1" 200 24604
"GET /media/ytubers/2022/08/t2.jpeg HTTP/1.1" 200 43316
"GET /admin/youtubers/youtuber/add/ HTTP/1.1" 200 19091
"GET /static/admin/css/nav_sidebar.css HTTP/1.1" 200 2616
"GET /static/admin/css/forms.css HTTP/1.1" 200 8878
"GET /static/admin/css/base.css HTTP/1.1" 200 19513
"GET /static/admin/css/responsive.css HTTP/1.1" 200 18575
"GET /admin/jsi18n/ HTTP/1.1" 200 3343
"GET /static/djangocms_admin_style/css/djangocms-admin.css HTTP/1.1" 200 190420
"GET /static/admin/js/change_form.js HTTP/1.1" 200 606
"GET /static/ckeditor/ckeditor/config.js?t=M2G9 HTTP/1.1" 200 336
"GET /static/ckeditor/ckeditor/lang/en.js?t=M2G9 HTTP/1.1" 200 17445
"GET /static/ckeditor/ckeditor/skins/moono-lisa/editor.css?t=M2G9 HTTP/1.1" 200 48309
"GET /static/ckeditor/ckeditor/styles.js?t=M2G9 HTTP/1.1" 200 5577
"GET /static/ckeditor/ckeditor/plugins/scayt/skins/moono-lisa/scayt.css?t=M2G9 HTTP/1.1" 200 381
"GET /static/ckeditor/ckeditor/plugins/scayt/dialogs/dialog.css?t=M2G9 HTTP/1.1" 200 419
"GET /static/ckeditor/ckeditor/plugins/tableselection/styles/tableselection.css?t=M2G9 HTTP/1.1" 200 1145
"GET /static/ckeditor/ckeditor/plugins/dialog/styles/dialog.css?t=M2G9 HTTP/1.1" 200 249
"GET /static/ckeditor/ckeditor/plugins/copyformatting/styles/copyformatting.css?t=M2G9 HTTP/1.1" 200 1511
"GET /static/ckeditor/ckeditor/skins/moono-lisa/icons.png?t=5fe059002f HTTP/1.1" 200 12237
"GET /static/ckeditor/ckeditor/plugins/tableselection/styles/tableselection.css?t=M2G9 HTTP/1.1" 200 1145
"GET /static/ckeditor/ckeditor/plugins/copyformatting/styles/copyformatting.css?t=M2G9 HTTP/1.1" 200 1511
"GET /static/ckeditor/ckeditor/contents.css?t=M2G9 HTTP/1.1" 200 3092
"POST /admin/youtubers/youtuber/add/ HTTP/1.1" 302 0
"GET /admin/youtubers/youtuber/ HTTP/1.1" 200 14739
"GET /static/admin/css/forms.css HTTP/1.1" 200 8878
"GET /static/admin/css/changelists.css HTTP/1.1" 200 6932
"GET /static/admin/css/nav_sidebar.css HTTP/1.1" 200 2616
"GET /static/admin/css/base.css HTTP/1.1" 200 19513
"GET /admin/jsi18n/ HTTP/1.1" 200 3343
"GET /static/djangocms_admin_style/css/djangocms-admin.css HTTP/1.1" 200 190420
"GET /static/admin/css/responsive.css HTTP/1.1" 200 18575
"GET /media/ytubers/2022/08/y6.jpg HTTP/1.1" 200 108342
"GET /media/ytubers/2022/08/t2.jpeg HTTP/1.1" 200 43316
"GET /media/ytubers/2022/08/Ce2MApZf_400x400.jpg HTTP/1.1" 200 24604
"GET / HTTP/1.1" 200 13311
"GET /static/css/base.css HTTP/1.1" 200 26
"GET /media/slider/2022/abstract-colour-9-copy-scaled_vMfFR6F_T0zOfsK.jpg HTTP/1.1" 200 822379
"GET /media/slider/2022/maxresdefault_1_otZFnSW.jpg HTTP/1.1" 200 115883
"GET /media/ytubers/2022/08/y6.jpg HTTP/1.1" 200 108342
"GET /media/ytubers/2022/08/t2.jpeg HTTP/1.1" 200 43316
"GET /media/ytubers/2022/08/Ce2MApZf_400x400.jpg HTTP/1.1" 200 24604
"GET /admin/webpages/slider/ HTTP/1.1" 200 11271
"GET /static/admin/css/base.css HTTP/1.1" 200 19513
"GET /static/admin/css/nav_sidebar.css HTTP/1.1" 200 2616
"GET /static/admin/css/responsive.css HTTP/1.1" 200 18575
"GET /static/admin/css/changelists.css HTTP/1.1" 200 6932
"GET /admin/jsi18n/ HTTP/1.1" 200 3343
"GET /static/djangocms_admin_style/css/djangocms-admin.css HTTP/1.1" 200 190420
"GET /admin/webpages/slider/add/ HTTP/1.1" 200 12521
"GET /static/admin/css/forms.css HTTP/1.1" 200 8878
"GET /static/admin/css/nav_sidebar.css HTTP/1.1" 200 2616
"GET /static/admin/js/prepopulate_init.js HTTP/1.1" 200 492
"GET /admin/jsi18n/ HTTP/1.1" 200 3343
"GET /static/admin/css/base.css HTTP/1.1" 200 19513
"GET /static/admin/css/responsive.css HTTP/1.1" 200 18575
"GET /static/djangocms_admin_style/css/djangocms-admin.css HTTP/1.1" 200 190420
"GET /static/admin/js/change_form.js HTTP/1.1" 200 606
